e:\c语言 c++\sdl_point\sdl_point\debug\sdl_point.pch
e:\c语言 c++\sdl_point\sdl_point\debug\vc120.pdb
e:\c语言 c++\sdl_point\sdl_point\debug\vc120.idb
e:\c语言 c++\sdl_point\sdl_point\debug\stdafx.obj
e:\c语言 c++\sdl_point\sdl_point\debug\mainfrm.obj
e:\c语言 c++\sdl_point\sdl_point\debug\sdl_point.obj
e:\c语言 c++\sdl_point\sdl_point\debug\sdl_pointdoc.obj
e:\c语言 c++\sdl_point\sdl_point\debug\sdl_pointview.obj
e:\c语言 c++\sdl_point\debug\sdl_point.ilk
e:\c语言 c++\sdl_point\debug\sdl_point.exe
e:\c语言 c++\sdl_point\debug\sdl_point.pdb
e:\c语言 c++\sdl_point\sdl_point\debug\sdl_point.res
e:\c语言 c++\sdl_point\sdl_point\debug\sdl_point.tlog\cl.command.1.tlog
e:\c语言 c++\sdl_point\sdl_point\debug\sdl_point.tlog\cl.read.1.tlog
e:\c语言 c++\sdl_point\sdl_point\debug\sdl_point.tlog\cl.write.1.tlog
e:\c语言 c++\sdl_point\sdl_point\debug\sdl_point.tlog\link.command.1.tlog
e:\c语言 c++\sdl_point\sdl_point\debug\sdl_point.tlog\link.read.1.tlog
e:\c语言 c++\sdl_point\sdl_point\debug\sdl_point.tlog\link.write.1.tlog
e:\c语言 c++\sdl_point\sdl_point\debug\sdl_point.tlog\rc.command.1.tlog
e:\c语言 c++\sdl_point\sdl_point\debug\sdl_point.tlog\rc.read.1.tlog
e:\c语言 c++\sdl_point\sdl_point\debug\sdl_point.tlog\rc.write.1.tlog
